2025-06-12 09:45:32,457 - 定时任务调度器已启动，等待执行...
2025-06-12 09:45:38,782 - 程序已被手动终止
2025-06-12 09:45:50,202 - 定时任务调度器已启动，等待执行...
2025-06-12 09:46:50,203 - 开始执行订单通脚本...
2025-06-12 09:47:08,275 - 脚本输出:
None
2025-06-12 09:47:08,275 - 脚本执行完成
2025-06-12 09:47:40,523 - 程序已被手动终止
2025-06-12 09:47:42,844 - 定时任务调度器已启动，等待执行...
2025-06-12 09:48:42,845 - 开始执行订单通脚本...
2025-06-12 09:49:25,347 - 脚本输出:
None
2025-06-12 09:49:25,347 - 脚本执行完成
2025-06-12 09:56:52,935 - 程序已被手动终止
2025-06-12 09:56:57,374 - 定时任务调度器已启动，等待执行...
2025-06-12 09:57:36,252 - 程序已被手动终止
2025-06-12 09:57:41,081 - 定时任务调度器已启动，等待执行...
2025-06-12 09:57:55,291 - 程序已被手动终止
2025-06-12 09:58:42,214 - 定时任务调度器已启动，等待执行...
2025-06-12 10:00:42,216 - 开始执行订单通脚本...
2025-06-12 10:01:26,142 - 脚本输出:
成功进入订单交易页面
成功点击后台查询菜单
成功进入当日委托查询页面
成功进入历史委托查询页面
成功进入当日代转委托查询页面
成功进入历史代转委托查询页面
成功进入当日成交查询页面
成功进入历史成交查询页面
成功进入当日持单明细查询页面
成功进入历史到期意向查询页面
成功进入历史提前交收查询页面
成功进入历史持单汇总查询页面
成功进入商品查询页面
成功进入成交统计页面
成功进入提前交收摘单历史列表页面
成功进入历史到期意向申报查询页面
成功进入最后交易日持单查询页面

2025-06-12 10:01:26,143 - 脚本执行完成
2025-06-12 10:01:47,252 - 程序已被手动终止
2025-06-12 10:01:59,873 - 定时任务调度器已启动，等待执行...
2025-06-12 10:02:59,874 - 开始执行订单通脚本...
2025-06-12 10:04:33,167 - 脚本输出:
成功进入订单交易页面
成功点击后台查询菜单
成功进入当日委托查询页面
成功进入历史委托查询页面
成功进入当日代转委托查询页面
成功进入历史代转委托查询页面
成功进入当日成交查询页面
成功进入历史成交查询页面
成功进入当日持单明细查询页面
成功进入历史到期意向查询页面
成功进入历史提前交收查询页面
成功进入历史持单汇总查询页面
成功进入商品查询页面
成功进入成交统计页面
成功进入提前交收摘单历史列表页面
成功进入历史到期意向申报查询页面
成功进入最后交易日持单查询页面

2025-06-12 10:04:33,167 - 脚本执行完成
2025-06-12 10:06:38,036 - 程序已被手动终止
